# JRE version: Java(TM) SE Runtime Environment (8.0_51-b16) (build 1.8.0_51-b16)
# Java VM: Java HotSpot(TM) 64-Bit Server VM (25.51-b03 mixed mode windows-amd64 compressed oops)
Heap:
 PSYoungGen      total 105472K, used 4584K [0x00000000e0180000, 0x00000000e7380000, 0x0000000100000000)
  eden space 97280K, 0% used [0x00000000e0180000,0x00000000e0180000,0x00000000e6080000)
  from space 8192K, 55% used [0x00000000e6980000,0x00000000e6dfa228,0x00000000e7180000)
  to   space 9216K, 0% used [0x00000000e6080000,0x00000000e6080000,0x00000000e6980000)
 ParOldGen       total 41472K, used 14163K [0x00000000a0400000, 0x00000000a2c80000, 0x00000000e0180000)
  object space 41472K, 34% used [0x00000000a0400000,0x00000000a11d4f58,0x00000000a2c80000)
 Metaspace       used 36882K, capacity 38360K, committed 38576K, reserved 1083392K
  class space    used 4740K, capacity 5010K, committed 5040K, reserved 1048576K
GC Heap History (10 events):
Event: 9.657 GC heap before
{Heap before GC invocations=7 (full 1):
 PSYoungGen      total 105472K, used 7118K [0x00000000e0180000, 0x00000000e7380000, 0x0000000100000000)
  eden space 97280K, 0% used [0x00000000e0180000,0x00000000e0180000,0x00000000e6080000)
  from space 8192K, 86% used [0x00000000e6980000,0x00000000e70738a8,0x00000000e7180000)
  to   space 9216K, 0% used [0x00000000e6080000,0x00000000e6080000,0x00000000e6980000)
 ParOldGen       total 65536K, used 5903K [0x00000000a0400000, 0x00000000a4400000, 0x00000000e0180000)
  object space 65536K, 9% used [0x00000000a0400000,0x00000000a09c3c40,0x00000000a4400000)
 Metaspace       used 20604K, capacity 21192K, committed 21296K, reserved 1067008K
  class space    used 2662K, capacity 2820K, committed 2864K, reserved 1048576K
Event: 9.697 GC heap after
Heap after GC invocations=7 (full 1):
 PSYoungGen      total 105472K, used 0K [0x00000000e0180000, 0x00000000e7380000, 0x0000000100000000)
  eden space 97280K, 0% used [0x00000000e0180000,0x00000000e0180000,0x00000000e6080000)
  from space 8192K, 0% used [0x00000000e6980000,0x00000000e6980000,0x00000000e7180000)
  to   space 9216K, 0% used [0x00000000e6080000,0x00000000e6080000,0x00000000e6980000)
 ParOldGen       total 41472K, used 7265K [0x00000000a0400000, 0x00000000a2c80000, 0x00000000e0180000)
  object space 41472K, 17% used [0x00000000a0400000,0x00000000a0b18748,0x00000000a2c80000)
 Metaspace       used 20603K, capacity 21186K, committed 21296K, reserved 1067008K
  class space    used 2661K, capacity 2819K, committed 2864K, reserved 1048576K
}
Event: 11.432 GC heap before
{Heap before GC invocations=8 (full 1):
 PSYoungGen      total 105472K, used 97280K [0x00000000e0180000, 0x00000000e7380000, 0x0000000100000000)
  eden space 97280K, 100% used [0x00000000e0180000,0x00000000e6080000,0x00000000e6080000)
  from space 8192K, 0% used [0x00000000e6980000,0x00000000e6980000,0x00000000e7180000)
  to   space 9216K, 0% used [0x00000000e6080000,0x00000000e6080000,0x00000000e6980000)
 ParOldGen       total 41472K, used 7265K [0x00000000a0400000, 0x00000000a2c80000, 0x00000000e0180000)
  object space 41472K, 17% used [0x00000000a0400000,0x00000000a0b18748,0x00000000a2c80000)
 Metaspace       used 27428K, capacity 28360K, committed 28592K, reserved 1075200K
  class space    used 3517K, capacity 3742K, committed 3760K, reserved 1048576K
Event: 11.460 GC heap after
Heap after GC invocations=8 (full 1):
 PSYoungGen      total 106496K, used 8699K [0x00000000e0180000, 0x00000000e7380000, 0x0000000100000000)
  eden space 97280K, 0% used [0x00000000e0180000,0x00000000e0180000,0x00000000e6080000)
  from space 9216K, 94% used [0x00000000e6080000,0x00000000e68fecd0,0x00000000e6980000)
  to   space 8192K, 0% used [0x00000000e6980000,0x00000000e6980000,0x00000000e7180000)
 ParOldGen       total 41472K, used 7273K [0x00000000a0400000, 0x00000000a2c80000, 0x00000000e0180000)
  object space 41472K, 17% used [0x00000000a0400000,0x00000000a0b1a748,0x00000000a2c80000)
 Metaspace       used 27428K, capacity 28360K, committed 28592K, reserved 1075200K
  class space    used 3517K, capacity 3742K, committed 3760K, reserved 1048576K
}
Event: 13.894 GC heap before
{Heap before GC invocations=9 (full 1):
 PSYoungGen      total 106496K, used 105979K [0x00000000e0180000, 0x00000000e7380000, 0x0000000100000000)
  eden space 97280K, 100% used [0x00000000e0180000,0x00000000e6080000,0x00000000e6080000)
  from space 9216K, 94% used [0x00000000e6080000,0x00000000e68fecd0,0x00000000e6980000)
  to   space 8192K, 0% used [0x00000000e6980000,0x00000000e6980000,0x00000000e7180000)
 ParOldGen       total 41472K, used 7273K [0x00000000a0400000, 0x00000000a2c80000, 0x00000000e0180000)
  object space 41472K, 17% used [0x00000000a0400000,0x00000000a0b1a748,0x00000000a2c80000)
 Metaspace       used 32947K, capacity 34342K, committed 34480K, reserved 1079296K
  class space    used 4245K, capacity 4527K, committed 4528K, reserved 1048576K
Event: 13.928 GC heap after
Heap after GC invocations=9 (full 1):
 PSYoungGen      total 105472K, used 8160K [0x00000000e0180000, 0x00000000e7380000, 0x0000000100000000)
  eden space 97280K, 0% used [0x00000000e0180000,0x00000000e0180000,0x00000000e6080000)
  from space 8192K, 99% used [0x00000000e6980000,0x00000000e7178030,0x00000000e7180000)
  to   space 9216K, 0% used [0x00000000e6080000,0x00000000e6080000,0x00000000e6980000)
 ParOldGen       total 41472K, used 11185K [0x00000000a0400000, 0x00000000a2c80000, 0x00000000e0180000)
  object space 41472K, 26% used [0x00000000a0400000,0x00000000a0eec6a8,0x00000000a2c80000)
 Metaspace       used 32947K, capacity 34342K, committed 34480K, reserved 1079296K
  class space    used 4245K, capacity 4527K, committed 4528K, reserved 1048576K
}
Event: 14.492 GC heap before
{Heap before GC invocations=10 (full 1):
 PSYoungGen      total 105472K, used 26730K [0x00000000e0180000, 0x00000000e7380000, 0x0000000100000000)
  eden space 97280K, 19% used [0x00000000e0180000,0x00000000e13a29b8,0x00000000e6080000)
  from space 8192K, 99% used [0x00000000e6980000,0x00000000e7178030,0x00000000e7180000)
  to   space 9216K, 0% used [0x00000000e6080000,0x00000000e6080000,0x00000000e6980000)
 ParOldGen       total 41472K, used 11185K [0x00000000a0400000, 0x00000000a2c80000, 0x00000000e0180000)
  object space 41472K, 26% used [0x00000000a0400000,0x00000000a0eec6a8,0x00000000a2c80000)
 Metaspace       used 33984K, capacity 35390K, committed 35496K, reserved 1081344K
  class space    used 4360K, capacity 4633K, committed 4656K, reserved 1048576K
Event: 14.506 GC heap after
Heap after GC invocations=10 (full 1):
 PSYoungGen      total 106496K, used 9185K [0x00000000e0180000, 0x00000000e7380000, 0x0000000100000000)
  eden space 97280K, 0% used [0x00000000e0180000,0x00000000e0180000,0x00000000e6080000)
  from space 9216K, 99% used [0x00000000e6080000,0x00000000e69787d0,0x00000000e6980000)
  to   space 8192K, 0% used [0x00000000e6980000,0x00000000e6980000,0x00000000e7180000)
 ParOldGen       total 41472K, used 11441K [0x00000000a0400000, 0x00000000a2c80000, 0x00000000e0180000)
  object space 41472K, 27% used [0x00000000a0400000,0x00000000a0f2c690,0x00000000a2c80000)
 Metaspace       used 33984K, capacity 35390K, committed 35496K, reserved 1081344K
  class space    used 4360K, capacity 4633K, committed 4656K, reserved 1048576K
}
Event: 14.506 GC heap before
{Heap before GC invocations=11 (full 2):
 PSYoungGen      total 106496K, used 9185K [0x00000000e0180000, 0x00000000e7380000, 0x0000000100000000)
  eden space 97280K, 0% used [0x00000000e0180000,0x00000000e0180000,0x00000000e6080000)
  from space 9216K, 99% used [0x00000000e6080000,0x00000000e69787d0,0x00000000e6980000)
  to   space 8192K, 0% used [0x00000000e6980000,0x00000000e6980000,0x00000000e7180000)
 ParOldGen       total 41472K, used 11441K [0x00000000a0400000, 0x00000000a2c80000, 0x00000000e0180000)
  object space 41472K, 27% used [0x00000000a0400000,0x00000000a0f2c690,0x00000000a2c80000)
 Metaspace       used 33984K, capacity 35390K, committed 35496K, reserved 1081344K
  class space    used 4360K, capacity 4633K, committed 4656K, reserved 1048576K
Event: 14.592 GC heap after
Heap after GC invocations=11 (full 2):
 PSYoungGen      total 106496K, used 0K [0x00000000e0180000, 0x00000000e7380000, 0x0000000100000000)
  eden space 97280K, 0% used [0x00000000e0180000,0x00000000e0180000,0x00000000e6080000)
  from space 9216K, 0% used [0x00000000e6080000,0x00000000e6080000,0x00000000e6980000)
  to   space 8192K, 0% used [0x00000000e6980000,0x00000000e6980000,0x00000000e7180000)
 ParOldGen       total 41472K, used 14155K [0x00000000a0400000, 0x00000000a2c80000, 0x00000000e0180000)
  object space 41472K, 34% used [0x00000000a0400000,0x00000000a11d2f58,0x00000000a2c80000)
 Metaspace       used 33984K, capacity 35390K, committed 35496K, reserved 1081344K
  class space    used 4360K, capacity 4633K, committed 4656K, reserved 1048576K
}

