# JRE version: Java(TM) SE Runtime Environment (8.0_51-b16) (build 1.8.0_51-b16)
# Java VM: Java HotSpot(TM) 64-Bit Server VM (25.51-b03 mixed mode windows-amd64 compressed oops)
Heap:
 PSYoungGen      total 102400K, used 49368K [0x00000000e0180000, 0x00000000e6980000, 0x0000000100000000)
  eden space 98304K, 50% used [0x00000000e0180000,0x00000000e31b60e8,0x00000000e6180000)
  from space 4096K, 0% used [0x00000000e6180000,0x00000000e6180000,0x00000000e6580000)
  to   space 4096K, 0% used [0x00000000e6580000,0x00000000e6580000,0x00000000e6980000)
 ParOldGen       total 43520K, used 7326K [0x00000000a0400000, 0x00000000a2e80000, 0x00000000e0180000)
  object space 43520K, 16% used [0x00000000a0400000,0x00000000a0b279e8,0x00000000a2e80000)
 Metaspace       used 25529K, capacity 26348K, committed 26672K, reserved 1073152K
  class space    used 3318K, capacity 3518K, committed 3632K, reserved 1048576K
GC Heap History (10 events):
Event: 4.475 GC heap before
{Heap before GC invocations=2 (full 0):
 PSYoungGen      total 28672K, used 28075K [0x00000000e0180000, 0x00000000e3980000, 0x0000000100000000)
  eden space 24576K, 100% used [0x00000000e0180000,0x00000000e1980000,0x00000000e1980000)
  from space 4096K, 85% used [0x00000000e1980000,0x00000000e1ceade8,0x00000000e1d80000)
  to   space 4096K, 0% used [0x00000000e3580000,0x00000000e3580000,0x00000000e3980000)
 ParOldGen       total 65536K, used 8K [0x00000000a0400000, 0x00000000a4400000, 0x00000000e0180000)
  object space 65536K, 0% used [0x00000000a0400000,0x00000000a0402000,0x00000000a4400000)
 Metaspace       used 9843K, capacity 10092K, committed 10240K, reserved 1058816K
  class space    used 1132K, capacity 1210K, committed 1280K, reserved 1048576K
Event: 4.480 GC heap after
Heap after GC invocations=2 (full 0):
 PSYoungGen      total 53248K, used 3933K [0x00000000e0180000, 0x00000000e3980000, 0x0000000100000000)
  eden space 49152K, 0% used [0x00000000e0180000,0x00000000e0180000,0x00000000e3180000)
  from space 4096K, 96% used [0x00000000e3580000,0x00000000e39576f0,0x00000000e3980000)
  to   space 4096K, 0% used [0x00000000e3180000,0x00000000e3180000,0x00000000e3580000)
 ParOldGen       total 65536K, used 16K [0x00000000a0400000, 0x00000000a4400000, 0x00000000e0180000)
  object space 65536K, 0% used [0x00000000a0400000,0x00000000a0404000,0x00000000a4400000)
 Metaspace       used 9843K, capacity 10092K, committed 10240K, reserved 1058816K
  class space    used 1132K, capacity 1210K, committed 1280K, reserved 1048576K
}
Event: 6.067 GC heap before
{Heap before GC invocations=3 (full 0):
 PSYoungGen      total 53248K, used 53085K [0x00000000e0180000, 0x00000000e3980000, 0x0000000100000000)
  eden space 49152K, 100% used [0x00000000e0180000,0x00000000e3180000,0x00000000e3180000)
  from space 4096K, 96% used [0x00000000e3580000,0x00000000e39576f0,0x00000000e3980000)
  to   space 4096K, 0% used [0x00000000e3180000,0x00000000e3180000,0x00000000e3580000)
 ParOldGen       total 65536K, used 16K [0x00000000a0400000, 0x00000000a4400000, 0x00000000e0180000)
  object space 65536K, 0% used [0x00000000a0400000,0x00000000a0404000,0x00000000a4400000)
 Metaspace       used 13681K, capacity 14118K, committed 14208K, reserved 1060864K
  class space    used 1773K, capacity 1899K, committed 1920K, reserved 1048576K
Event: 6.077 GC heap after
Heap after GC invocations=3 (full 0):
 PSYoungGen      total 53248K, used 4077K [0x00000000e0180000, 0x00000000e6980000, 0x0000000100000000)
  eden space 49152K, 0% used [0x00000000e0180000,0x00000000e0180000,0x00000000e3180000)
  from space 4096K, 99% used [0x00000000e3180000,0x00000000e357b528,0x00000000e3580000)
  to   space 4096K, 0% used [0x00000000e6580000,0x00000000e6580000,0x00000000e6980000)
 ParOldGen       total 65536K, used 2185K [0x00000000a0400000, 0x00000000a4400000, 0x00000000e0180000)
  object space 65536K, 3% used [0x00000000a0400000,0x00000000a06226b0,0x00000000a4400000)
 Metaspace       used 13681K, capacity 14118K, committed 14208K, reserved 1060864K
  class space    used 1773K, capacity 1899K, committed 1920K, reserved 1048576K
}
Event: 6.831 GC heap before
{Heap before GC invocations=4 (full 0):
 PSYoungGen      total 53248K, used 53229K [0x00000000e0180000, 0x00000000e6980000, 0x0000000100000000)
  eden space 49152K, 100% used [0x00000000e0180000,0x00000000e3180000,0x00000000e3180000)
  from space 4096K, 99% used [0x00000000e3180000,0x00000000e357b528,0x00000000e3580000)
  to   space 4096K, 0% used [0x00000000e6580000,0x00000000e6580000,0x00000000e6980000)
 ParOldGen       total 65536K, used 2185K [0x00000000a0400000, 0x00000000a4400000, 0x00000000e0180000)
  object space 65536K, 3% used [0x00000000a0400000,0x00000000a06226b0,0x00000000a4400000)
 Metaspace       used 18300K, capacity 18892K, committed 19200K, reserved 1067008K
  class space    used 2335K, capacity 2496K, committed 2560K, reserved 1048576K
Event: 6.844 GC heap after
Heap after GC invocations=4 (full 0):
 PSYoungGen      total 102400K, used 4068K [0x00000000e0180000, 0x00000000e6980000, 0x0000000100000000)
  eden space 98304K, 0% used [0x00000000e0180000,0x00000000e0180000,0x00000000e6180000)
  from space 4096K, 99% used [0x00000000e6580000,0x00000000e6979140,0x00000000e6980000)
  to   space 4096K, 0% used [0x00000000e6180000,0x00000000e6180000,0x00000000e6580000)
 ParOldGen       total 65536K, used 6626K [0x00000000a0400000, 0x00000000a4400000, 0x00000000e0180000)
  object space 65536K, 10% used [0x00000000a0400000,0x00000000a0a78868,0x00000000a4400000)
 Metaspace       used 18300K, capacity 18892K, committed 19200K, reserved 1067008K
  class space    used 2335K, capacity 2496K, committed 2560K, reserved 1048576K
}
Event: 7.116 GC heap before
{Heap before GC invocations=5 (full 0):
 PSYoungGen      total 102400K, used 36074K [0x00000000e0180000, 0x00000000e6980000, 0x0000000100000000)
  eden space 98304K, 32% used [0x00000000e0180000,0x00000000e20c1788,0x00000000e6180000)
  from space 4096K, 99% used [0x00000000e6580000,0x00000000e6979140,0x00000000e6980000)
  to   space 4096K, 0% used [0x00000000e6180000,0x00000000e6180000,0x00000000e6580000)
 ParOldGen       total 65536K, used 6626K [0x00000000a0400000, 0x00000000a4400000, 0x00000000e0180000)
  object space 65536K, 10% used [0x00000000a0400000,0x00000000a0a78868,0x00000000a4400000)
 Metaspace       used 20650K, capacity 21234K, committed 21296K, reserved 1067008K
  class space    used 2671K, capacity 2843K, committed 2864K, reserved 1048576K
Event: 7.123 GC heap after
Heap after GC invocations=5 (full 0):
 PSYoungGen      total 102400K, used 4067K [0x00000000e0180000, 0x00000000e6980000, 0x0000000100000000)
  eden space 98304K, 0% used [0x00000000e0180000,0x00000000e0180000,0x00000000e6180000)
  from space 4096K, 99% used [0x00000000e6180000,0x00000000e6578f08,0x00000000e6580000)
  to   space 4096K, 0% used [0x00000000e6580000,0x00000000e6580000,0x00000000e6980000)
 ParOldGen       total 65536K, used 9598K [0x00000000a0400000, 0x00000000a4400000, 0x00000000e0180000)
  object space 65536K, 14% used [0x00000000a0400000,0x00000000a0d5f9c8,0x00000000a4400000)
 Metaspace       used 20650K, capacity 21234K, committed 21296K, reserved 1067008K
  class space    used 2671K, capacity 2843K, committed 2864K, reserved 1048576K
}
Event: 7.123 GC heap before
{Heap before GC invocations=6 (full 1):
 PSYoungGen      total 102400K, used 4067K [0x00000000e0180000, 0x00000000e6980000, 0x0000000100000000)
  eden space 98304K, 0% used [0x00000000e0180000,0x00000000e0180000,0x00000000e6180000)
  from space 4096K, 99% used [0x00000000e6180000,0x00000000e6578f08,0x00000000e6580000)
  to   space 4096K, 0% used [0x00000000e6580000,0x00000000e6580000,0x00000000e6980000)
 ParOldGen       total 65536K, used 9598K [0x00000000a0400000, 0x00000000a4400000, 0x00000000e0180000)
  object space 65536K, 14% used [0x00000000a0400000,0x00000000a0d5f9c8,0x00000000a4400000)
 Metaspace       used 20650K, capacity 21234K, committed 21296K, reserved 1067008K
  class space    used 2671K, capacity 2843K, committed 2864K, reserved 1048576K
Event: 7.159 GC heap after
Heap after GC invocations=6 (full 1):
 PSYoungGen      total 102400K, used 0K [0x00000000e0180000, 0x00000000e6980000, 0x0000000100000000)
  eden space 98304K, 0% used [0x00000000e0180000,0x00000000e0180000,0x00000000e6180000)
  from space 4096K, 0% used [0x00000000e6180000,0x00000000e6180000,0x00000000e6580000)
  to   space 4096K, 0% used [0x00000000e6580000,0x00000000e6580000,0x00000000e6980000)
 ParOldGen       total 43520K, used 7326K [0x00000000a0400000, 0x00000000a2e80000, 0x00000000e0180000)
  object space 43520K, 16% used [0x00000000a0400000,0x00000000a0b279e8,0x00000000a2e80000)
 Metaspace       used 20650K, capacity 21234K, committed 21296K, reserved 1067008K
  class space    used 2671K, capacity 2843K, committed 2864K, reserved 1048576K
}

