# JRE version: Java(TM) SE Runtime Environment (8.0_51-b16) (build 1.8.0_51-b16)
# Java VM: Java HotSpot(TM) 64-Bit Server VM (25.51-b03 mixed mode windows-amd64 compressed oops)
Heap:
 PSYoungGen      total 172032K, used 154280K [0x00000000e0180000, 0x00000000ef000000, 0x0000000100000000)
  eden space 159744K, 96% used [0x00000000e0180000,0x00000000e982a240,0x00000000e9d80000)
  from space 12288K, 0% used [0x00000000e9d80000,0x00000000e9d80000,0x00000000ea980000)
  to   space 12800K, 0% used [0x00000000ee380000,0x00000000ee380000,0x00000000ef000000)
 ParOldGen       total 60416K, used 14196K [0x00000000a0400000, 0x00000000a3f00000, 0x00000000e0180000)
  object space 60416K, 23% used [0x00000000a0400000,0x00000000a11dd180,0x00000000a3f00000)
 Metaspace       used 42879K, capacity 44674K, committed 44848K, reserved 1087488K
  class space    used 5570K, capacity 5909K, committed 5936K, reserved 1048576K
GC Heap History (10 events):
Event: 5.137 GC heap before
{Heap before GC invocations=7 (full 1):
 PSYoungGen      total 107008K, used 6423K [0x00000000e0180000, 0x00000000e7280000, 0x0000000100000000)
  eden space 98304K, 0% used [0x00000000e0180000,0x00000000e0180000,0x00000000e6180000)
  from space 8704K, 73% used [0x00000000e6a00000,0x00000000e7045e50,0x00000000e7280000)
  to   space 8704K, 0% used [0x00000000e6180000,0x00000000e6180000,0x00000000e6a00000)
 ParOldGen       total 65536K, used 6068K [0x00000000a0400000, 0x00000000a4400000, 0x00000000e0180000)
  object space 65536K, 9% used [0x00000000a0400000,0x00000000a09ed330,0x00000000a4400000)
 Metaspace       used 20612K, capacity 21200K, committed 21296K, reserved 1067008K
  class space    used 2658K, capacity 2820K, committed 2864K, reserved 1048576K
Event: 5.173 GC heap after
Heap after GC invocations=7 (full 1):
 PSYoungGen      total 107008K, used 0K [0x00000000e0180000, 0x00000000e7280000, 0x0000000100000000)
  eden space 98304K, 0% used [0x00000000e0180000,0x00000000e0180000,0x00000000e6180000)
  from space 8704K, 0% used [0x00000000e6a00000,0x00000000e6a00000,0x00000000e7280000)
  to   space 8704K, 0% used [0x00000000e6180000,0x00000000e6180000,0x00000000e6a00000)
 ParOldGen       total 41984K, used 6546K [0x00000000a0400000, 0x00000000a2d00000, 0x00000000e0180000)
  object space 41984K, 15% used [0x00000000a0400000,0x00000000a0a64b68,0x00000000a2d00000)
 Metaspace       used 20612K, capacity 21200K, committed 21296K, reserved 1067008K
  class space    used 2658K, capacity 2820K, committed 2864K, reserved 1048576K
}
Event: 9.770 GC heap before
{Heap before GC invocations=8 (full 1):
 PSYoungGen      total 107008K, used 98304K [0x00000000e0180000, 0x00000000e7280000, 0x0000000100000000)
  eden space 98304K, 100% used [0x00000000e0180000,0x00000000e6180000,0x00000000e6180000)
  from space 8704K, 0% used [0x00000000e6a00000,0x00000000e6a00000,0x00000000e7280000)
  to   space 8704K, 0% used [0x00000000e6180000,0x00000000e6180000,0x00000000e6a00000)
 ParOldGen       total 41984K, used 6546K [0x00000000a0400000, 0x00000000a2d00000, 0x00000000e0180000)
  object space 41984K, 15% used [0x00000000a0400000,0x00000000a0a64b68,0x00000000a2d00000)
 Metaspace       used 27381K, capacity 28296K, committed 28336K, reserved 1073152K
  class space    used 3511K, capacity 3742K, committed 3760K, reserved 1048576K
Event: 9.782 GC heap after
Heap after GC invocations=8 (full 1):
 PSYoungGen      total 107008K, used 8632K [0x00000000e0180000, 0x00000000eb580000, 0x0000000100000000)
  eden space 98304K, 0% used [0x00000000e0180000,0x00000000e0180000,0x00000000e6180000)
  from space 8704K, 99% used [0x00000000e6180000,0x00000000e69ee268,0x00000000e6a00000)
  to   space 9728K, 0% used [0x00000000eac00000,0x00000000eac00000,0x00000000eb580000)
 ParOldGen       total 41984K, used 6618K [0x00000000a0400000, 0x00000000a2d00000, 0x00000000e0180000)
  object space 41984K, 15% used [0x00000000a0400000,0x00000000a0a76b78,0x00000000a2d00000)
 Metaspace       used 27381K, capacity 28296K, committed 28336K, reserved 1073152K
  class space    used 3511K, capacity 3742K, committed 3760K, reserved 1048576K
}
Event: 19.248 GC heap before
{Heap before GC invocations=9 (full 1):
 PSYoungGen      total 107008K, used 106936K [0x00000000e0180000, 0x00000000eb580000, 0x0000000100000000)
  eden space 98304K, 100% used [0x00000000e0180000,0x00000000e6180000,0x00000000e6180000)
  from space 8704K, 99% used [0x00000000e6180000,0x00000000e69ee268,0x00000000e6a00000)
  to   space 9728K, 0% used [0x00000000eac00000,0x00000000eac00000,0x00000000eb580000)
 ParOldGen       total 41984K, used 6618K [0x00000000a0400000, 0x00000000a2d00000, 0x00000000e0180000)
  object space 41984K, 15% used [0x00000000a0400000,0x00000000a0a76b78,0x00000000a2d00000)
 Metaspace       used 32701K, capacity 33792K, committed 33968K, reserved 1079296K
  class space    used 4194K, capacity 4422K, committed 4528K, reserved 1048576K
Event: 19.265 GC heap after
Heap after GC invocations=9 (full 1):
 PSYoungGen      total 168960K, used 9724K [0x00000000e0180000, 0x00000000eb580000, 0x0000000100000000)
  eden space 159232K, 0% used [0x00000000e0180000,0x00000000e0180000,0x00000000e9d00000)
  from space 9728K, 99% used [0x00000000eac00000,0x00000000eb57f138,0x00000000eb580000)
  to   space 12288K, 0% used [0x00000000e9d80000,0x00000000e9d80000,0x00000000ea980000)
 ParOldGen       total 41984K, used 8948K [0x00000000a0400000, 0x00000000a2d00000, 0x00000000e0180000)
  object space 41984K, 21% used [0x00000000a0400000,0x00000000a0cbd0b0,0x00000000a2d00000)
 Metaspace       used 32701K, capacity 33792K, committed 33968K, reserved 1079296K
  class space    used 4194K, capacity 4422K, committed 4528K, reserved 1048576K
}
Event: 20.455 GC heap before
{Heap before GC invocations=10 (full 1):
 PSYoungGen      total 168960K, used 32788K [0x00000000e0180000, 0x00000000eb580000, 0x0000000100000000)
  eden space 159232K, 14% used [0x00000000e0180000,0x00000000e1806238,0x00000000e9d00000)
  from space 9728K, 99% used [0x00000000eac00000,0x00000000eb57f138,0x00000000eb580000)
  to   space 12288K, 0% used [0x00000000e9d80000,0x00000000e9d80000,0x00000000ea980000)
 ParOldGen       total 41984K, used 8948K [0x00000000a0400000, 0x00000000a2d00000, 0x00000000e0180000)
  object space 41984K, 21% used [0x00000000a0400000,0x00000000a0cbd0b0,0x00000000a2d00000)
 Metaspace       used 33956K, capacity 35386K, committed 35496K, reserved 1081344K
  class space    used 4358K, capacity 4633K, committed 4656K, reserved 1048576K
Event: 20.469 GC heap after
Heap after GC invocations=10 (full 1):
 PSYoungGen      total 172032K, used 9522K [0x00000000e0180000, 0x00000000ef000000, 0x0000000100000000)
  eden space 159744K, 0% used [0x00000000e0180000,0x00000000e0180000,0x00000000e9d80000)
  from space 12288K, 77% used [0x00000000e9d80000,0x00000000ea6cca38,0x00000000ea980000)
  to   space 12800K, 0% used [0x00000000ee380000,0x00000000ee380000,0x00000000ef000000)
 ParOldGen       total 41984K, used 8956K [0x00000000a0400000, 0x00000000a2d00000, 0x00000000e0180000)
  object space 41984K, 21% used [0x00000000a0400000,0x00000000a0cbf0b0,0x00000000a2d00000)
 Metaspace       used 33956K, capacity 35386K, committed 35496K, reserved 1081344K
  class space    used 4358K, capacity 4633K, committed 4656K, reserved 1048576K
}
Event: 20.469 GC heap before
{Heap before GC invocations=11 (full 2):
 PSYoungGen      total 172032K, used 9522K [0x00000000e0180000, 0x00000000ef000000, 0x0000000100000000)
  eden space 159744K, 0% used [0x00000000e0180000,0x00000000e0180000,0x00000000e9d80000)
  from space 12288K, 77% used [0x00000000e9d80000,0x00000000ea6cca38,0x00000000ea980000)
  to   space 12800K, 0% used [0x00000000ee380000,0x00000000ee380000,0x00000000ef000000)
 ParOldGen       total 41984K, used 8956K [0x00000000a0400000, 0x00000000a2d00000, 0x00000000e0180000)
  object space 41984K, 21% used [0x00000000a0400000,0x00000000a0cbf0b0,0x00000000a2d00000)
 Metaspace       used 33956K, capacity 35386K, committed 35496K, reserved 1081344K
  class space    used 4358K, capacity 4633K, committed 4656K, reserved 1048576K
Event: 20.541 GC heap after
Heap after GC invocations=11 (full 2):
 PSYoungGen      total 172032K, used 0K [0x00000000e0180000, 0x00000000ef000000, 0x0000000100000000)
  eden space 159744K, 0% used [0x00000000e0180000,0x00000000e0180000,0x00000000e9d80000)
  from space 12288K, 0% used [0x00000000e9d80000,0x00000000e9d80000,0x00000000ea980000)
  to   space 12800K, 0% used [0x00000000ee380000,0x00000000ee380000,0x00000000ef000000)
 ParOldGen       total 60416K, used 14196K [0x00000000a0400000, 0x00000000a3f00000, 0x00000000e0180000)
  object space 60416K, 23% used [0x00000000a0400000,0x00000000a11dd180,0x00000000a3f00000)
 Metaspace       used 33956K, capacity 35386K, committed 35496K, reserved 1081344K
  class space    used 4358K, capacity 4633K, committed 4656K, reserved 1048576K
}

